<?xml version="1.0" encoding="UTF-8"?>
<testng-results ignored="0" total="1" passed="1" failed="0" skipped="0">
  <reporter-output>
  </reporter-output>
  <suite started-at="2023-09-01T17:19:15 IST" name="Default suite" finished-at="2023-09-01T17:19:40 IST" duration-ms="24957">
    <groups>
      <group name="cucumber">
        <method signature="AbstractTestNGCucumberTests.runScenario(io.cucumber.testng.PickleWrapper,io.cucumber.testng.FeatureWrapper)[pri:0, instance:com.purna.runner.RunPurnaTest@15043a2f]" name="runScenario" class="io.cucumber.testng.AbstractTestNGCucumberTests"/>
      </group> <!-- cucumber -->
    </groups>
    <test started-at="2023-09-01T17:19:15 IST" name="Default test" finished-at="2023-09-01T17:19:40 IST" duration-ms="24957">
      <class name="com.purna.runner.RunPurnaTest">
        <test-method is-config="true" signature="setUpClass(org.testng.ITestContext)[pri:0, instance:com.purna.runner.RunPurnaTest@15043a2f]" started-at="2023-09-01T17:19:16 IST" name="setUpClass" finished-at="2023-09-01T17:19:18 IST" duration-ms="1944" status="PASS">
          <params>
            <param index="0">
              <value>
                <![CDATA[org.testng.TestRunner@305aaedf]]>
              </value>
            </param>
          </params>
          <reporter-output>
          </reporter-output>
        </test-method> <!-- setUpClass -->
        <test-method signature="runScenario(io.cucumber.testng.PickleWrapper,io.cucumber.testng.FeatureWrapper)[pri:0, instance:com.purna.runner.RunPurnaTest@15043a2f]" started-at="2023-09-01T17:19:18 IST" name="runScenario" description="Runs Cucumber Scenarios" data-provider="scenarios" finished-at="2023-09-01T17:19:35 IST" duration-ms="17743" status="PASS">
          <params>
            <param index="0">
              <value>
                <![CDATA["Verify that leave application is approved or rejected successfully"]]>
              </value>
            </param>
            <param index="1">
              <value>
                <![CDATA["Purna HR Leave Application functionality"]]>
              </value>
            </param>
          </params>
          <reporter-output>
          </reporter-output>
        </test-method> <!-- runScenario -->
        <test-method is-config="true" signature="tearDownClass()[pri:0, instance:com.purna.runner.RunPurnaTest@15043a2f]" started-at="2023-09-01T17:19:35 IST" name="tearDownClass" finished-at="2023-09-01T17:19:40 IST" duration-ms="5097" status="PASS">
          <reporter-output>
          </reporter-output>
        </test-method> <!-- tearDownClass -->
      </class> <!-- com.purna.runner.RunPurnaTest -->
    </test> <!-- Default test -->
  </suite> <!-- Default suite -->
</testng-results>
